[01:51:35] [main/INFO] (FabricLoader/GameProvider) Loading Minecraft 1.20.1 with Fabric Loader 0.14.21
[01:51:36] [main/INFO] (FabricLoader) Loading 37 mods:
	- fabric-api 0.85.0+1.20.1
	- fabric-api-base 0.4.29+b04edc7a77
	- fabric-api-lookup-api-v1 1.6.34+4d8536c977
	- fabric-biome-api-v1 13.0.10+b3afc78b77
	- fabric-block-api-v1 1.0.9+e022e5d177
	- fabric-command-api-v2 2.2.11+b3afc78b77
	- fabric-content-registries-v0 4.0.8+b3afc78b77
	- fabric-convention-tags-v1 1.5.3+b3afc78b77
	- fabric-crash-report-info-v1 0.2.18+aeb40ebe77
	- fabric-data-generation-api-v1 12.1.12+b3afc78b77
	- fabric-dimensions-v1 2.1.51+b3afc78b77
	- fabric-entity-events-v1 1.5.21+b3afc78b77
	- fabric-events-interaction-v0 0.6.0+b3afc78b77
	- fabric-game-rule-api-v1 1.0.38+b04edc7a77
	- fabric-gametest-api-v1 1.2.11+b3afc78b77
	- fabric-item-api-v1 2.1.26+b3afc78b77
	- fabric-item-group-api-v1 4.0.8+40e50c4677
	- fabric-lifecycle-events-v1 2.2.20+b3afc78b77
	- fabric-loot-api-v2 1.1.38+b3afc78b77
	- fabric-message-api-v1 5.1.6+b3afc78b77
	- fabric-mining-level-api-v1 2.1.48+b3afc78b77
	- fabric-networking-api-v1 1.3.8+b3afc78b77
	- fabric-object-builder-api-v1 11.1.0+6beca84877
	- fabric-particles-v1 1.1.0+201a23a077
	- fabric-recipe-api-v1 1.0.18+b3afc78b77
	- fabric-registry-sync-v0 2.2.6+b3afc78b77
	- fabric-rendering-data-attachment-v1 0.3.33+b3afc78b77
	- fabric-rendering-fluids-v1 3.0.26+b3afc78b77
	- fabric-resource-conditions-api-v1 2.3.5+ea08f9d877
	- fabric-resource-loader-v0 0.11.8+e3d6ed2577
	- fabric-screen-handler-api-v1 1.3.27+b3afc78b77
	- fabric-transfer-api-v1 3.2.3+43a3fedd77
	- fabric-transitive-access-wideners-v1 4.2.0+b3afc78b77
	- fabricloader 0.14.21
	- gedrite 1.0.0
	- java 20
	- minecraft 1.20.1
[01:51:36] [main/INFO] (FabricLoader/Mixin) SpongePowered MIXIN Subsystem Version=0.8.5 Source=file:/C:/Users/User/.gradle/caches/modules-2/files-2.1/net.fabricmc/sponge-mixin/0.12.5+mixin.0.8.5/8d31fb97c3e0cd7c8dad3441851c523bcfae6d8e/sponge-mixin-0.12.5+mixin.0.8.5.jar Service=Knot/Fabric Env=SERVER
[01:51:36] [main/INFO] (FabricLoader/Mixin) Loaded Fabric development mappings for mixin remapper!
[01:51:36] [main/INFO] (FabricLoader/Mixin) Compatibility level set to JAVA_16
[01:51:36] [main/INFO] (FabricLoader/Mixin) Compatibility level set to JAVA_17
[01:51:49] [main/INFO] (gedrite) Registering Mod Blocks for gedrite
[01:51:49] [main/INFO] (gedrite) Registering Item Groups for gedrite
[01:51:49] [main/INFO] (FabricDataGenHelper) Running data generator for gedrite
[01:51:49] [main/INFO] (Minecraft) Starting provider: Gedrite/Tags for minecraft:block
[01:51:50] [main/INFO] (Minecraft) Gedrite/Tags for minecraft:block finished after 439 ms
[01:51:50] [main/INFO] (Minecraft) Starting provider: Gedrite/Tags for minecraft:item
[01:51:50] [main/INFO] (Minecraft) Gedrite/Tags for minecraft:item finished after 3 ms
[01:51:50] [main/INFO] (Minecraft) Starting provider: Gedrite/Block Loot Tables
[01:51:50] [main/INFO] (Minecraft) Gedrite/Block Loot Tables finished after 132 ms
[01:51:50] [main/INFO] (Minecraft) Starting provider: Gedrite/Recipes
[01:51:50] [main/INFO] (Minecraft) Gedrite/Recipes finished after 63 ms
[01:51:50] [main/INFO] (Minecraft) Starting provider: Gedrite/Model Definitions
[01:51:50] [main/INFO] (Minecraft) Gedrite/Model Definitions finished after 91 ms
[01:51:50] [main/INFO] (Minecraft) Starting provider: Gedrite/gedrite
[01:51:50] [main/INFO] (Minecraft) Gedrite/gedrite finished after 22 ms
[01:51:50] [main/INFO] (Minecraft) All providers took: 757 ms
[01:51:50] [main/INFO] (Minecraft) Caching: total files: 46, old count: 46, new count: 45, removed stale: 2, written: 0
